<?xml version="1.0" encoding="UTF-8"?>
<!-- Generated by org.testng.reporters.JUnitReportReporter -->
<testsuite hostname="local-PC" failures="0" tests="2" name="FirstTestPackage.NewTest" time="0.014" errors="0" timestamp="2019-09-27T20:24:13 IST" skipped="0">
  <testcase classname="FirstTestPackage.NewTest" name="VerifyHome" time="0.011"/>
  <testcase classname="FirstTestPackage.NewTest" name="method2" time="0.003"/>
</testsuite> <!-- FirstTestPackage.NewTest -->
